1623699013353	geckodriver	INFO	Listening on 127.0.0.1:46171
1623699013374	mozrunner::runner	INFO	Running command: "/usr/bin/firefox" "--marionette" "-foreground" "-no-remote" "-profile" "/tmp/rust_mozprofiledAKQSr"
1623699013968	Marionette	INFO	Marionette enabled

(firefox:42343): Gtk-WARNING **: 16:30:14.136: cache version is different 1 != 2

(firefox:42343): Gtk-WARNING **: 16:30:14.136: include in Compose files not supported: include "/usr/share/X11/locale/en_US.UTF-8/Compose"

(firefox:42343): Gtk-WARNING **: 16:30:14.137: Need to double-quote the value: "Ə" U018f: <Multi_key> <e> <e> 			: "Ə" U018f

(firefox:42343): Gtk-WARNING **: 16:30:14.137: Need to double-quote the value: "〝" U301d	# REVERSED DOUBLE PRIME QUOTATION MARK: <Multi_key> <quotedbl> <backslash> 	: "〝" U301d	# REVERSED DOUBLE PRIME QUOTATION MARK

(firefox:42343): Gtk-WARNING **: 16:30:14.137: Need to double-quote the value: "〞" U301e	# DOUBLE PRIME QUOTATION MARK: <Multi_key> <quotedbl> <slash>  	: "〞" U301e	# DOUBLE PRIME QUOTATION MARK

(firefox:42343): Gtk-WARNING **: 16:30:14.137: Need to double-quote the value: "Ç" Ccedilla	# LATIN CAPITAL LETTER C WITH CEDILLA: <dead_acute> <C> 			: "Ç" Ccedilla	# LATIN CAPITAL LETTER C WITH CEDILLA

(firefox:42343): Gtk-WARNING **: 16:30:14.137: Need to double-quote the value: "ç" ccedilla	# LATIN SMALL LETTER C WITH CEDILLA: <dead_acute> <c> 			: "ç" ccedilla	# LATIN SMALL LETTER C WITH CEDILLA

(firefox:42343): Gtk-WARNING **: 16:30:14.137: Need to double-quote the value: "Ȩ" U0228	# LATIN CAPITAL LETTER E WITH CEDILLA: <Multi_key> <comma> <E> 		: "Ȩ" U0228	# LATIN CAPITAL LETTER E WITH CEDILLA

(firefox:42343): Gtk-WARNING **: 16:30:14.137: Need to double-quote the value: "ȩ" U0229	# LATIN SMALL LETTER E WITH CEDILLA: <Multi_key> <comma> <e> 		: "ȩ" U0229	# LATIN SMALL LETTER E WITH CEDILLA

(firefox:42343): Gtk-WARNING **: 16:30:14.137: Need to double-quote the value: "Ḝ" U1E1C	# LATIN CAPITAL LETTER E WITH CEDILLA AND BREVE: <Multi_key> <U> <comma> <E> 		: "Ḝ" U1E1C	# LATIN CAPITAL LETTER E WITH CEDILLA AND BREVE

(firefox:42343): Gtk-WARNING **: 16:30:14.137: Need to double-quote the value: "ḝ" U1E1D	# LATIN SMALL LETTER E WITH CEDILLA AND BREVE: <Multi_key> <U> <comma> <e> 		: "ḝ" U1E1D	# LATIN SMALL LETTER E WITH CEDILLA AND BREVE

(firefox:42343): Gtk-WARNING **: 16:30:14.137: Need to double-quote the value: "ϓ" U03D3	# GREEK UPSILON WITH ACUTE AND HOOK SYMBOL: <Multi_key> <acute> <U03D2> 		: "ϓ" U03D3	# GREEK UPSILON WITH ACUTE AND HOOK SYMBOL

(firefox:42343): Gtk-WARNING **: 16:30:14.137: Need to double-quote the value: "ϓ" U03D3	# GREEK UPSILON WITH ACUTE AND HOOK SYMBOL: <Multi_key> <apostrophe> <U03D2> 	: "ϓ" U03D3	# GREEK UPSILON WITH ACUTE AND HOOK SYMBOL
console.warn: SearchSettings: "get: No settings file exists, new profile?" (new NotFoundError("Could not open the file at /tmp/rust_mozprofiledAKQSr/search.json.mozlz4", (void 0)))
1623699016249	Marionette	INFO	Listening on port 41415
1623699016327	Marionette	WARN	TLS certificate errors will be ignored for this session

(firefox:42343): GLib-GObject-WARNING **: 16:31:02.881: ../../../gobject/gsignal.c:3598: signal name 'load_complete' is invalid for instance '0x7f16c5383350' of type 'MaiAtkType139'

(firefox:42343): GLib-GObject-WARNING **: 16:31:02.881: ../../../gobject/gsignal.c:3598: signal name 'load_complete' is invalid for instance '0x7f16c5383950' of type 'MaiAtkType139'
1623699064184	Marionette	INFO	Stopped listening on port 41415

###!!! [Parent][RunMessage] Error: Channel closing: too late to send/recv, messages will be lost

