1623698554708	geckodriver	INFO	Listening on 127.0.0.1:35565
1623698554719	mozrunner::runner	INFO	Running command: "/usr/bin/firefox" "--marionette" "-foreground" "-no-remote" "-profile" "/tmp/rust_mozprofileiHIit0"
1623698555316	Marionette	INFO	Marionette enabled

(firefox:41694): Gtk-WARNING **: 16:22:35.419: cache version is different 1 != 2

(firefox:41694): Gtk-WARNING **: 16:22:35.419: include in Compose files not supported: include "/usr/share/X11/locale/en_US.UTF-8/Compose"

(firefox:41694): Gtk-WARNING **: 16:22:35.420: Need to double-quote the value: "Ə" U018f: <Multi_key> <e> <e> 			: "Ə" U018f

(firefox:41694): Gtk-WARNING **: 16:22:35.420: Need to double-quote the value: "〝" U301d	# REVERSED DOUBLE PRIME QUOTATION MARK: <Multi_key> <quotedbl> <backslash> 	: "〝" U301d	# REVERSED DOUBLE PRIME QUOTATION MARK

(firefox:41694): Gtk-WARNING **: 16:22:35.420: Need to double-quote the value: "〞" U301e	# DOUBLE PRIME QUOTATION MARK: <Multi_key> <quotedbl> <slash>  	: "〞" U301e	# DOUBLE PRIME QUOTATION MARK

(firefox:41694): Gtk-WARNING **: 16:22:35.420: Need to double-quote the value: "Ç" Ccedilla	# LATIN CAPITAL LETTER C WITH CEDILLA: <dead_acute> <C> 			: "Ç" Ccedilla	# LATIN CAPITAL LETTER C WITH CEDILLA

(firefox:41694): Gtk-WARNING **: 16:22:35.420: Need to double-quote the value: "ç" ccedilla	# LATIN SMALL LETTER C WITH CEDILLA: <dead_acute> <c> 			: "ç" ccedilla	# LATIN SMALL LETTER C WITH CEDILLA

(firefox:41694): Gtk-WARNING **: 16:22:35.420: Need to double-quote the value: "Ȩ" U0228	# LATIN CAPITAL LETTER E WITH CEDILLA: <Multi_key> <comma> <E> 		: "Ȩ" U0228	# LATIN CAPITAL LETTER E WITH CEDILLA

(firefox:41694): Gtk-WARNING **: 16:22:35.420: Need to double-quote the value: "ȩ" U0229	# LATIN SMALL LETTER E WITH CEDILLA: <Multi_key> <comma> <e> 		: "ȩ" U0229	# LATIN SMALL LETTER E WITH CEDILLA

(firefox:41694): Gtk-WARNING **: 16:22:35.420: Need to double-quote the value: "Ḝ" U1E1C	# LATIN CAPITAL LETTER E WITH CEDILLA AND BREVE: <Multi_key> <U> <comma> <E> 		: "Ḝ" U1E1C	# LATIN CAPITAL LETTER E WITH CEDILLA AND BREVE

(firefox:41694): Gtk-WARNING **: 16:22:35.420: Need to double-quote the value: "ḝ" U1E1D	# LATIN SMALL LETTER E WITH CEDILLA AND BREVE: <Multi_key> <U> <comma> <e> 		: "ḝ" U1E1D	# LATIN SMALL LETTER E WITH CEDILLA AND BREVE

(firefox:41694): Gtk-WARNING **: 16:22:35.420: Need to double-quote the value: "ϓ" U03D3	# GREEK UPSILON WITH ACUTE AND HOOK SYMBOL: <Multi_key> <acute> <U03D2> 		: "ϓ" U03D3	# GREEK UPSILON WITH ACUTE AND HOOK SYMBOL

(firefox:41694): Gtk-WARNING **: 16:22:35.420: Need to double-quote the value: "ϓ" U03D3	# GREEK UPSILON WITH ACUTE AND HOOK SYMBOL: <Multi_key> <apostrophe> <U03D2> 	: "ϓ" U03D3	# GREEK UPSILON WITH ACUTE AND HOOK SYMBOL
console.warn: SearchSettings: "get: No settings file exists, new profile?" (new NotFoundError("Could not open the file at /tmp/rust_mozprofileiHIit0/search.json.mozlz4", (void 0)))
1623698557508	Marionette	INFO	Listening on port 42839
1623698557565	Marionette	WARN	TLS certificate errors will be ignored for this session

(firefox:41694): GLib-GObject-WARNING **: 16:23:00.084: ../../../gobject/gsignal.c:3598: signal name 'load_complete' is invalid for instance '0x7fba250592f0' of type 'MaiAtkType139'

(firefox:41694): GLib-GObject-WARNING **: 16:23:00.084: ../../../gobject/gsignal.c:3598: signal name 'load_complete' is invalid for instance '0x7fba25059770' of type 'MaiAtkType139'
console.error: "Tried to send a 'target-destroyed-form' event on an already destroyed actor 'watcher'"
1623698583198	Marionette	INFO	Stopped listening on port 42839

###!!! [Parent][RunMessage] Error: Channel closing: too late to send/recv, messages will be lost

